<?xml version="1.0" encoding="UTF-8"?>
<!-- Generated by org.testng.reporters.JUnitXMLReporter -->
<testsuite hostname="LAPTOP-JVNL5G83" ignored="0" name="Surefire test" tests="7" failures="0" timestamp="23 Dec 2021 22:47:05 GMT" time="60.298" errors="0">
  <testcase name="sendConatctUsMessage" time="1.771" classname="com.automationPractice.qa.PageTest.ContactUsPageTest"/>
  <testcase name="sendConatctUsMessage" time="1.295" classname="com.automationPractice.qa.PageTest.ContactUsPageTest"/>
  <testcase name="sendConatctUsMessage" time="1.427" classname="com.automationPractice.qa.PageTest.ContactUsPageTest"/>
  <testcase name="verifyBannerText" time="0.047" classname="com.automationPractice.qa.PageTest.OrdeSlipPageTest"/>
  <testcase name="verifyTitleOfOrderListPage" time="0.013" classname="com.automationPractice.qa.PageTest.OrdeSlipPageTest"/>
  <testcase name="verifyLogin" time="1.356" classname="com.automationPractice.qa.PageTest.SignInPageTest"/>
  <testcase name="verifyTitleOfSignInPage" time="0.006" classname="com.automationPractice.qa.PageTest.SignInPageTest"/>
</testsuite> <!-- Surefire test -->
