<?xml version="1.0" encoding="UTF-8"?>
<testsuite xmlns:xsi="http://www.w3.org/2001/XMLSchema-instance" xsi:noNamespaceSchemaLocation="https://maven.apache.org/surefire/maven-surefire-plugin/xsd/surefire-test-report.xsd" name="TestSuite" time="61.035" tests="7" errors="0" skipped="0" failures="0">
  <properties>
[...]
</properties>
  <testcase name="sendConatctUsMessage" classname="com.automationPractice.qa.PageTest.ContactUsPageTest" time="1.773"/>
  <testcase name="sendConatctUsMessage" classname="com.automationPractice.qa.PageTest.ContactUsPageTest" time="1.299"/>
  <testcase name="sendConatctUsMessage" classname="com.automationPractice.qa.PageTest.ContactUsPageTest" time="1.449"/>
  <testcase name="verifyBannerText" classname="com.automationPractice.qa.PageTest.OrdeSlipPageTest" time="0.096"/>
  <testcase name="verifyTitleOfOrderListPage" classname="com.automationPractice.qa.PageTest.OrdeSlipPageTest" time="0"/>
  <testcase name="verifyLogin" classname="com.automationPractice.qa.PageTest.SignInPageTest" time="1.463"/>
  <testcase name="verifyTitleOfSignInPage" classname="com.automationPractice.qa.PageTest.SignInPageTest" time="0"/>
</testsuite>