<?xml version="1.0" encoding="UTF-8"?>
<testng-results skipped="0" failed="0" ignored="0" total="7" passed="7">
  <reporter-output>
  </reporter-output>
  <suite name="Surefire suite" duration-ms="60298" started-at="2021-12-23T22:46:05Z" finished-at="2021-12-23T22:47:05Z">
    <groups>
    </groups>
    <test name="Surefire test" duration-ms="60298" started-at="2021-12-23T22:46:05Z" finished-at="2021-12-23T22:47:05Z">
      <class name="com.automationPractice.qa.PageTest.OrdeSlipPageTest">
        <test-method status="PASS" signature="loggerSetup()[pri:0, instance:com.automationPractice.qa.PageTest.OrdeSlipPageTest@343f4d3d]" name="loggerSetup" is-config="true" duration-ms="1" started-at="2021-12-23T22:46:31Z" finished-at="2021-12-23T22:46:31Z">
          <reporter-output>
          </reporter-output>
        </test-method> <!-- loggerSetup -->
        <test-method status="PASS" signature="intialise()[pri:0, instance:com.automationPractice.qa.PageTest.OrdeSlipPageTest@343f4d3d]" name="intialise" is-config="true" duration-ms="9028" started-at="2021-12-23T22:46:31Z" finished-at="2021-12-23T22:46:40Z">
          <reporter-output>
          </reporter-output>
        </test-method> <!-- intialise -->
        <test-method status="PASS" signature="verifyBannerText()[pri:0, instance:com.automationPractice.qa.PageTest.OrdeSlipPageTest@343f4d3d]" name="verifyBannerText" duration-ms="47" started-at="2021-12-23T22:46:40Z" finished-at="2021-12-23T22:46:40Z">
          <reporter-output>
          </reporter-output>
        </test-method> <!-- verifyBannerText -->
        <test-method status="PASS" signature="quit()[pri:0, instance:com.automationPractice.qa.PageTest.OrdeSlipPageTest@343f4d3d]" name="quit" is-config="true" duration-ms="681" started-at="2021-12-23T22:46:40Z" finished-at="2021-12-23T22:46:41Z">
          <reporter-output>
          </reporter-output>
        </test-method> <!-- quit -->
        <test-method status="PASS" signature="intialise()[pri:0, instance:com.automationPractice.qa.PageTest.OrdeSlipPageTest@343f4d3d]" name="intialise" is-config="true" duration-ms="8339" started-at="2021-12-23T22:46:41Z" finished-at="2021-12-23T22:46:49Z">
          <reporter-output>
          </reporter-output>
        </test-method> <!-- intialise -->
        <test-method status="PASS" signature="verifyTitleOfOrderListPage()[pri:0, instance:com.automationPractice.qa.PageTest.OrdeSlipPageTest@343f4d3d]" name="verifyTitleOfOrderListPage" duration-ms="13" started-at="2021-12-23T22:46:49Z" finished-at="2021-12-23T22:46:49Z">
          <reporter-output>
          </reporter-output>
        </test-method> <!-- verifyTitleOfOrderListPage -->
        <test-method status="PASS" signature="quit()[pri:0, instance:com.automationPractice.qa.PageTest.OrdeSlipPageTest@343f4d3d]" name="quit" is-config="true" duration-ms="698" started-at="2021-12-23T22:46:49Z" finished-at="2021-12-23T22:46:50Z">
          <reporter-output>
          </reporter-output>
        </test-method> <!-- quit -->
      </class> <!-- com.automationPractice.qa.PageTest.OrdeSlipPageTest -->
      <class name="com.automationPractice.qa.PageTest.SignInPageTest">
        <test-method status="PASS" signature="loggerSetup()[pri:0, instance:com.automationPractice.qa.PageTest.SignInPageTest@53b32d7]" name="loggerSetup" is-config="true" duration-ms="4" started-at="2021-12-23T22:46:50Z" finished-at="2021-12-23T22:46:50Z">
          <reporter-output>
          </reporter-output>
        </test-method> <!-- loggerSetup -->
        <test-method status="PASS" signature="intialise()[pri:0, instance:com.automationPractice.qa.PageTest.SignInPageTest@53b32d7]" name="intialise" is-config="true" duration-ms="6086" started-at="2021-12-23T22:46:50Z" finished-at="2021-12-23T22:46:56Z">
          <reporter-output>
          </reporter-output>
        </test-method> <!-- intialise -->
        <test-method status="PASS" signature="verifyLogin()[pri:0, instance:com.automationPractice.qa.PageTest.SignInPageTest@53b32d7]" name="verifyLogin" duration-ms="1356" started-at="2021-12-23T22:46:56Z" finished-at="2021-12-23T22:46:58Z">
          <reporter-output>
          </reporter-output>
        </test-method> <!-- verifyLogin -->
        <test-method status="PASS" signature="quitBrowser()[pri:0, instance:com.automationPractice.qa.PageTest.SignInPageTest@53b32d7]" name="quitBrowser" is-config="true" duration-ms="701" started-at="2021-12-23T22:46:58Z" finished-at="2021-12-23T22:46:58Z">
          <reporter-output>
          </reporter-output>
        </test-method> <!-- quitBrowser -->
        <test-method status="PASS" signature="intialise()[pri:0, instance:com.automationPractice.qa.PageTest.SignInPageTest@53b32d7]" name="intialise" is-config="true" duration-ms="6475" started-at="2021-12-23T22:46:58Z" finished-at="2021-12-23T22:47:05Z">
          <reporter-output>
          </reporter-output>
        </test-method> <!-- intialise -->
        <test-method status="PASS" signature="verifyTitleOfSignInPage()[pri:0, instance:com.automationPractice.qa.PageTest.SignInPageTest@53b32d7]" name="verifyTitleOfSignInPage" duration-ms="6" started-at="2021-12-23T22:47:05Z" finished-at="2021-12-23T22:47:05Z">
          <reporter-output>
          </reporter-output>
        </test-method> <!-- verifyTitleOfSignInPage -->
        <test-method status="PASS" signature="quitBrowser()[pri:0, instance:com.automationPractice.qa.PageTest.SignInPageTest@53b32d7]" name="quitBrowser" is-config="true" duration-ms="644" started-at="2021-12-23T22:47:05Z" finished-at="2021-12-23T22:47:05Z">
          <reporter-output>
          </reporter-output>
        </test-method> <!-- quitBrowser -->
      </class> <!-- com.automationPractice.qa.PageTest.SignInPageTest -->
      <class name="com.automationPractice.qa.PageTest.ContactUsPageTest">
        <test-method status="PASS" signature="loggerSetup()[pri:0, instance:com.automationPractice.qa.PageTest.ContactUsPageTest@42e26948]" name="loggerSetup" is-config="true" duration-ms="50" started-at="2021-12-23T22:46:05Z" finished-at="2021-12-23T22:46:05Z">
          <reporter-output>
          </reporter-output>
        </test-method> <!-- loggerSetup -->
        <test-method status="PASS" signature="intialise()[pri:0, instance:com.automationPractice.qa.PageTest.ContactUsPageTest@42e26948]" name="intialise" is-config="true" duration-ms="7272" started-at="2021-12-23T22:46:06Z" finished-at="2021-12-23T22:46:13Z">
          <reporter-output>
          </reporter-output>
        </test-method> <!-- intialise -->
        <test-method status="PASS" signature="sendConatctUsMessage(java.lang.String, java.lang.String)[pri:0, instance:com.automationPractice.qa.PageTest.ContactUsPageTest@42e26948]" name="sendConatctUsMessage" duration-ms="1771" started-at="2021-12-23T22:46:13Z" data-provider="contactUs" finished-at="2021-12-23T22:46:15Z">
          <params>
            <param index="0">
              <value>
                <![CDATA[msp@it.com]]>
              </value>
            </param>
            <param index="1">
              <value>
                <![CDATA[data driven testing]]>
              </value>
            </param>
          </params>
          <reporter-output>
          </reporter-output>
        </test-method> <!-- sendConatctUsMessage -->
        <test-method status="PASS" signature="quit()[pri:0, instance:com.automationPractice.qa.PageTest.ContactUsPageTest@42e26948]" name="quit" is-config="true" duration-ms="722" started-at="2021-12-23T22:46:15Z" finished-at="2021-12-23T22:46:16Z">
          <reporter-output>
          </reporter-output>
        </test-method> <!-- quit -->
        <test-method status="PASS" signature="intialise()[pri:0, instance:com.automationPractice.qa.PageTest.ContactUsPageTest@42e26948]" name="intialise" is-config="true" duration-ms="5488" started-at="2021-12-23T22:46:16Z" finished-at="2021-12-23T22:46:21Z">
          <reporter-output>
          </reporter-output>
        </test-method> <!-- intialise -->
        <test-method status="PASS" signature="sendConatctUsMessage(java.lang.String, java.lang.String)[pri:0, instance:com.automationPractice.qa.PageTest.ContactUsPageTest@42e26948]" name="sendConatctUsMessage" duration-ms="1295" started-at="2021-12-23T22:46:21Z" data-provider="contactUs" finished-at="2021-12-23T22:46:22Z">
          <params>
            <param index="0">
              <value>
                <![CDATA[jijo@gmail.com]]>
              </value>
            </param>
            <param index="1">
              <value>
                <![CDATA[Learning java]]>
              </value>
            </param>
          </params>
          <reporter-output>
          </reporter-output>
        </test-method> <!-- sendConatctUsMessage -->
        <test-method status="PASS" signature="quit()[pri:0, instance:com.automationPractice.qa.PageTest.ContactUsPageTest@42e26948]" name="quit" is-config="true" duration-ms="835" started-at="2021-12-23T22:46:22Z" finished-at="2021-12-23T22:46:23Z">
          <reporter-output>
          </reporter-output>
        </test-method> <!-- quit -->
        <test-method status="PASS" signature="intialise()[pri:0, instance:com.automationPractice.qa.PageTest.ContactUsPageTest@42e26948]" name="intialise" is-config="true" duration-ms="5884" started-at="2021-12-23T22:46:23Z" finished-at="2021-12-23T22:46:29Z">
          <reporter-output>
          </reporter-output>
        </test-method> <!-- intialise -->
        <test-method status="PASS" signature="sendConatctUsMessage(java.lang.String, java.lang.String)[pri:0, instance:com.automationPractice.qa.PageTest.ContactUsPageTest@42e26948]" name="sendConatctUsMessage" duration-ms="1427" started-at="2021-12-23T22:46:29Z" data-provider="contactUs" finished-at="2021-12-23T22:46:30Z">
          <params>
            <param index="0">
              <value>
                <![CDATA[Wiolet@yahoo.com]]>
              </value>
            </param>
            <param index="1">
              <value>
                <![CDATA[Learning Selenium]]>
              </value>
            </param>
          </params>
          <reporter-output>
          </reporter-output>
        </test-method> <!-- sendConatctUsMessage -->
        <test-method status="PASS" signature="quit()[pri:0, instance:com.automationPractice.qa.PageTest.ContactUsPageTest@42e26948]" name="quit" is-config="true" duration-ms="853" started-at="2021-12-23T22:46:30Z" finished-at="2021-12-23T22:46:31Z">
          <reporter-output>
          </reporter-output>
        </test-method> <!-- quit -->
      </class> <!-- com.automationPractice.qa.PageTest.ContactUsPageTest -->
    </test> <!-- Surefire test -->
  </suite> <!-- Surefire suite -->
</testng-results>
